<?xml version="1.0" encoding="UTF-8"?>
<testng-results skipped="0" failed="0" ignored="0" total="1" passed="1">
  <reporter-output>
  </reporter-output>
  <suite name="Default suite" duration-ms="34" started-at="2018-11-10T22:10:10Z" finished-at="2018-11-10T22:10:10Z">
    <groups>
    </groups>
    <test name="Default test" duration-ms="34" started-at="2018-11-10T22:10:10Z" finished-at="2018-11-10T22:10:10Z">
      <class name="findLongestWordpackage.FindLongestWordFile">
        <test-method status="PASS" signature="findLongestWord()[pri:0, instance:findLongestWordpackage.FindLongestWordFile@4f933fd1]" name="findLongestWord" duration-ms="10" started-at="2018-11-10T17:10:10Z" finished-at="2018-11-10T17:10:10Z">
          <reporter-output>
          </reporter-output>
        </test-method> <!-- findLongestWord -->
      </class> <!-- findLongestWordpackage.FindLongestWordFile -->
    </test> <!-- Default test -->
  </suite> <!-- Default suite -->
</testng-results>
